<?xml version="1.0" encoding="UTF-8" ?>
<testsuite errors="0" failures="0" hostname="DESKTOP-D9LK0D0" name="autograder.RepeatedDigTest" skipped="0" tests="1" time="0.726" timestamp="2021-12-21T23:48:15">
  <properties>
    <property name="java.vendor" value="Oracle Corporation" />
    <property name="sun.java.launcher" value="SUN_STANDARD" />
    <property name="sun.management.compiler" value="HotSpot 64-Bit Tiered Compilers" />
    <property name="build.sysclasspath" value="ignore" />
    <property name="os.name" value="Windows 10" />
    <property name="sun.boot.class.path" value="C:\Program Files\Java\jdk1.8.0_72\jre\lib\resources.jar;C:\Program Files\Java\jdk1.8.0_72\jre\lib\rt.jar;C:\Program Files\Java\jdk1.8.0_72\jre\lib\sunrsasign.jar;C:\Program Files\Java\jdk1.8.0_72\jre\lib\jsse.jar;C:\Program Files\Java\jdk1.8.0_72\jre\lib\jce.jar;C:\Program Files\Java\jdk1.8.0_72\jre\lib\charsets.jar;C:\Program Files\Java\jdk1.8.0_72\jre\lib\jfr.jar;C:\Program Files\Java\jdk1.8.0_72\jre\classes" />
    <property name="sun.desktop" value="windows" />
    <property name="final.grading" value="true" />
    <property name="java.vm.specification.vendor" value="Oracle Corporation" />
    <property name="ant.home" value="C:\Users\admin\Downloads\eclipse-java-2021-06-R-win32-x86_64\eclipse\plugins\org.apache.ant_1.10.10.v20210426-1926" />
    <property name="java.runtime.version" value="1.8.0_72-b15" />
    <property name="user.name" value="admin" />
    <property name="ant.build.javac.target" value="1.8" />
    <property name="user.language" value="en" />
    <property name="sun.boot.library.path" value="C:\Program Files\Java\jdk1.8.0_72\jre\bin" />
    <property name="grader.report.file" value="my-grader-report.xml" />
    <property name="ant.project.default-target" value="all" />
    <property name="java.version" value="1.8.0_72" />
    <property name="user.timezone" value="" />
    <property name="sun.arch.data.model" value="64" />
    <property name="java.endorsed.dirs" value="C:\Program Files\Java\jdk1.8.0_72\jre\lib\endorsed" />
    <property name="sun.cpu.isalist" value="amd64" />
    <property name="sun.jnu.encoding" value="Cp1252" />
    <property name="file.encoding.pkg" value="sun.io" />
    <property name="file.separator" value="\" />
    <property name="java.specification.name" value="Java Platform API Specification" />
    <property name="java.class.version" value="52.0" />
    <property name="user.country" value="US" />
    <property name="java.home" value="C:\Program Files\Java\jdk1.8.0_72\jre" />
    <property name="java.vm.info" value="mixed mode" />
    <property name="ant.file" value="C:\Users\admin\eclipse-workspace\ps2-minesweeper_version_2\grader.xml" />
    <property name="os.version" value="10.0" />
    <property name="final.grader.jar" value="ps2-final-grader.jar" />
    <property name="path.separator" value=";" />
    <property name="java.vm.version" value="25.72-b15" />
    <property name="user.variant" value="" />
    <property name="ant.library.dir" value="C:\Users\admin\Downloads\eclipse-java-2021-06-R-win32-x86_64\eclipse\plugins\org.apache.ant_1.10.10.v20210426-1926\lib" />
    <property name="java.awt.printerjob" value="sun.awt.windows.WPrinterJob" />
    <property name="sun.io.unicode.encoding" value="UnicodeLittle" />
    <property name="awt.toolkit" value="sun.awt.windows.WToolkit" />
    <property name="user.script" value="" />
    <property name="user.home" value="C:\Users\admin" />
    <property name="java.specification.vendor" value="Oracle Corporation" />
    <property name="which.tests.ran" value="BETA + FINAL" />
    <property name="java.library.path" value="C:\Program Files\Java\jdk1.8.0_72\jre\bin;C:\WINDOWS\Sun\Java\bin;C:\WINDOWS\system32;C:\WINDOWS;C:/Users/admin/Downloads/eclipse-java-2021-06-R-win32-x86_64/eclipse//plugins/org.eclipse.justj.openjdk.hotspot.jre.full.win32.x86_64_16.0.1.v20210528-1205/jre/bin/server;C:/Users/admin/Downloads/eclipse-java-2021-06-R-win32-x86_64/eclipse//plugins/org.eclipse.justj.openjdk.hotspot.jre.full.win32.x86_64_16.0.1.v20210528-1205/jre/bin;C:\ProgramData\Oracle\Java\javapath;C:\WINDOWS\system32;C:\WINDOWS;C:\WINDOWS\System32\Wbem;C:\WINDOWS\System32\WindowsPowerShell\v1.0\;C:\WINDOWS\System32\OpenSSH\;C:\Python26;C:\Users\admin\Documents\cs-courses\cs50_web\dart-sass;C:\Program Files\Git\cmd;C:\cygwin64\bin;C:\Users\admin\AppData\Local\Programs\Python\Python39\Scripts;C:\Program Files\PuTTY\;C:\Program Files\Java\jdk1.8.0_72\bin;C:\Users\admin\AppData\Local\Microsoft\WindowsApps;;C:\Users\admin\AppData\Local\Programs\Microsoft VS Code\bin;C:\Users\admin\Downloads\eclipse-java-2021-06-R-win32-x86_64\eclipse;;." />
    <property name="java.vendor.url" value="http://java.oracle.com/" />
    <property name="java.vm.vendor" value="Oracle Corporation" />
    <property name="java.runtime.name" value="Java(TM) SE Runtime Environment" />
    <property name="beta.grader.jar" value="ps2-beta-grader.jar" />
    <property name="sun.java.command" value="org.apache.tools.ant.taskdefs.optional.junit.JUnitTestRunner autograder.RepeatedDigTest skipNonTests=false filtertrace=true haltOnError=false haltOnFailure=false showoutput=false outputtoformatters=true logfailedtests=true threadid=0 logtestlistenerevents=false formatter=org.apache.tools.ant.taskdefs.optional.junit.XMLJUnitResultFormatter,C:\Users\admin\eclipse-workspace\ps2-minesweeper_version_2\.grader\TEST-autograder.RepeatedDigTest.xml crashfile=C:\Users\admin\eclipse-workspace\ps2-minesweeper_version_2\.grader\junitvmwatcher2234207972346626263.properties propsfile=C:\Users\admin\eclipse-workspace\ps2-minesweeper_version_2\.grader\junit873805135368861680.properties" />
    <property name="java.class.path" value="C:\Users\admin\eclipse-workspace\ps2-minesweeper_version_2\lib\junit-4.12.jar;C:\Users\admin\eclipse-workspace\ps2-minesweeper_version_2\lib\hamcrest-core-1.3.jar;C:\Users\admin\eclipse-workspace\ps2-minesweeper_version_2\lib\parserlib.jar;C:\Users\admin\eclipse-workspace\ps2-minesweeper_version_2\.grader\bin-tests-final;C:\Users\admin\eclipse-workspace\ps2-minesweeper_version_2\.grader\bin-student;C:\Users\admin\Downloads\eclipse-java-2021-06-R-win32-x86_64\eclipse\plugins\org.apache.ant_1.10.10.v20210426-1926\lib\ant-launcher.jar;C:\Users\admin\Downloads\eclipse-java-2021-06-R-win32-x86_64\eclipse\plugins\org.apache.ant_1.10.10.v20210426-1926\lib\ant.jar;C:\Users\admin\Downloads\eclipse-java-2021-06-R-win32-x86_64\eclipse\plugins\org.apache.ant_1.10.10.v20210426-1926\lib\ant-junit.jar;C:\Users\admin\Downloads\eclipse-java-2021-06-R-win32-x86_64\eclipse\plugins\org.apache.ant_1.10.10.v20210426-1926\lib\ant-junit4.jar" />
    <property name="ant.version" value="Apache Ant(TM) version 1.10.10 compiled on April 12 2021" />
    <property name="project.name" value="ps2-minesweeper" />
    <property name="java.vm.specification.name" value="Java Virtual Machine Specification" />
    <property name="java.vm.specification.version" value="1.8" />
    <property name="sun.cpu.endian" value="little" />
    <property name="didit.desc" value="Running our final tests against your implementation" />
    <property name="sun.os.patch.level" value="" />
    <property name="java.io.tmpdir" value="C:\Users\admin\AppData\Local\Temp\" />
    <property name="java.vendor.url.bug" value="http://bugreport.sun.com/bugreport/" />
    <property name="os.arch" value="amd64" />
    <property name="java.awt.graphicsenv" value="sun.awt.Win32GraphicsEnvironment" />
    <property name="java.ext.dirs" value="C:\Program Files\Java\jdk1.8.0_72\jre\lib\ext;C:\WINDOWS\Sun\Java\lib\ext" />
    <property name="user.dir" value="C:\Users\admin\eclipse-workspace\ps2-minesweeper_version_2" />
    <property name="line.separator" value="&#xd;&#xa;" />
    <property name="zipfile" value="my-submission.zip" />
    <property name="java.vm.name" value="Java HotSpot(TM) 64-Bit Server VM" />
    <property name="problem.set" value="ps2" />
    <property name="basedir" value="C:\Users\admin\eclipse-workspace\ps2-minesweeper_version_2" />
    <property name="ant.java.version" value="1.8" />
    <property name="ant.core.lib" value="C:\Users\admin\Downloads\eclipse-java-2021-06-R-win32-x86_64\eclipse\plugins\org.apache.ant_1.10.10.v20210426-1926\lib\ant.jar" />
    <property name="file.encoding" value="Cp1252" />
    <property name="java.specification.version" value="1.8" />
    <property name="grader.dir" value=".grader" />
    <property name="ant.project.invoked-targets" value="all" />
  </properties>
  <testcase classname="autograder.RepeatedDigTest" name="testRepeatDig" time="0.54" />
  <system-out><![CDATA[]]></system-out>
  <system-err><![CDATA[]]></system-err>
</testsuite>
